<?xml version="1.0" encoding="UTF-8"?>
<!-- Generated by org.testng.reporters.JUnitXMLReporter -->
<testsuite hostname="Nilam-KH" name="PricingTest" tests="4" failures="1" timestamp="24 Apr 2017 03:21:09 GMT" time="91.765" errors="0">
  <testcase name="getPricingTest" time="8.694" classname="com.test.pricing.PricingTest">
    <failure type="java.lang.AssertionError" message="The following asserts failed:
	React Operations App And Arbitrage Sales App Not Match expected [Arbitrage Sales App] but found [React Operations App]">
      <![CDATA[java.lang.AssertionError: The following asserts failed:
	React Operations App And Arbitrage Sales App Not Match expected [Arbitrage Sales App] but found [React Operations App]
	at com.test.pricing.PricingTest.getPricingTest(PricingTest.java:132)
... Removed 26 stack frames]]>
    </failure>
  </testcase> <!-- getPricingTest -->
  <testcase name="getPricingTest" time="28.97" classname="com.test.pricing.PricingTest"/>
  <testcase name="getPricingTest" time="23.568" classname="com.test.pricing.PricingTest"/>
  <testcase name="getPricingTest" time="24.642" classname="com.test.pricing.PricingTest"/>
</testsuite> <!-- PricingTest -->
