<html>
<head>
<title>TestNG:  Build Offer3 Test</title>
<link href="../testng.css" rel="stylesheet" type="text/css" />
<link href="../my-testng.css" rel="stylesheet" type="text/css" />

<style type="text/css">
.log { display: none;} 
.stack-trace { display: none;} 
</style>
<script type="text/javascript">
<!--
function flip(e) {
  current = e.style.display;
  if (current == 'block') {
    e.style.display = 'none';
    return 0;
  }
  else {
    e.style.display = 'block';
    return 1;
  }
}

function toggleBox(szDivId, elem, msg1, msg2)
{
  var res = -1;  if (document.getElementById) {
    res = flip(document.getElementById(szDivId));
  }
  else if (document.all) {
    // this is the way old msie versions work
    res = flip(document.all[szDivId]);
  }
  if(elem) {
    if(res == 0) elem.innerHTML = msg1; else elem.innerHTML = msg2;
  }

}

function toggleAllBoxes() {
  if (document.getElementsByTagName) {
    d = document.getElementsByTagName('div');
    for (i = 0; i < d.length; i++) {
      if (d[i].className == 'log') {
        flip(d[i]);
      }
    }
  }
}

// -->
</script>

</head>
<body>
<h2 align='center'>Build Offer3 Test</h2><table border='1' align="center">
<tr>
<td>Tests passed/Failed/Skipped:</td><td>0/1/1</td>
</tr><tr>
<td>Started on:</td><td>Mon Apr 24 08:47:40 IST 2017</td>
</tr>
<tr><td>Total time:</td><td>55 seconds (55111 ms)</td>
</tr><tr>
<td>Included groups:</td><td></td>
</tr><tr>
<td>Excluded groups:</td><td></td>
</tr>
</table><p/>
<small><i>(Hover the method name to see the test class name)</i></small><p/>
<table width='100%' border='1' class='invocation-failed'>
<tr><td colspan='4' align='center'><b>FAILED TESTS</b></td></tr>
<tr><td><b>Test method</b></td>
<td width="30%"><b>Exception</b></td>
<td width="10%"><b>Time (seconds)</b></td>
<td><b>Instance</b></td>
</tr>
<tr>
<td title='com.test.buildoffer.ExecuteBuildOffer3.getBuildOffer3Test()'><b>getBuildOffer3Test</b><br>Test class: com.test.buildoffer.ExecuteBuildOffer3<br>Parameters: {CountryWidePricing=No, Description=Invalid Total Monthly Cost, Projected Number of Messages=2034, Origin Country=Bangladesh, DestinationOperator=India Telecom, Total Monthly Cost=djhjdfbj23, Projected Monthly Message Volume=12.0, CheckBox=Y, Customer Type=Enterprise, Runmode=Y, DestinationCountry=India, Flat Rate Pricing=12.02, Customer Name=DBS, ExpectedResult=Enter Numbers Only, DirectClassic=Classic, Region=Asia}</td>
<td><div><pre>java.lang.AssertionError: The following asserts failed:
	Error ! Please check in logs And Enter Numbers Only Not Match expected [Enter Numbers Only] but found [Error ! Please check in logs]
	at com.test.buildoffer.ExecuteBuildOffer3.getBuildOffer3Test(ExecuteBuildOffer3.java:182)
... Removed 26 stack frames</pre></div><a href='#' onClick='toggleBox("stack-trace147089688", this, "Click to show all stack frames", "Click to hide stack frames")'>Click to show all stack frames</a>
<div class='stack-trace' id='stack-trace147089688'><pre>java.lang.AssertionError: The following asserts failed:
	Error ! Please check in logs And Enter Numbers Only Not Match expected [Enter Numbers Only] but found [Error ! Please check in logs]
	at org.testng.asserts.SoftAssert.assertAll(SoftAssert.java:43)
	at com.test.buildoffer.ExecuteBuildOffer3.getBuildOffer3Test(ExecuteBuildOffer3.java:182)
	at sun.reflect.NativeMethodAccessorImpl.invoke0(Native Method)
	at sun.reflect.NativeMethodAccessorImpl.invoke(NativeMethodAccessorImpl.java:62)
	at sun.reflect.DelegatingMethodAccessorImpl.invoke(DelegatingMethodAccessorImpl.java:43)
	at java.lang.reflect.Method.invoke(Method.java:498)
	at org.testng.internal.MethodInvocationHelper.invokeMethod(MethodInvocationHelper.java:86)
	at org.testng.internal.Invoker.invokeMethod(Invoker.java:643)
	at org.testng.internal.Invoker.invokeTestMethod(Invoker.java:820)
	at org.testng.internal.Invoker.invokeTestMethods(Invoker.java:1128)
	at org.testng.internal.TestMethodWorker.invokeTestMethods(TestMethodWorker.java:129)
	at org.testng.internal.TestMethodWorker.run(TestMethodWorker.java:112)
	at org.testng.TestRunner.privateRun(TestRunner.java:782)
	at org.testng.TestRunner.run(TestRunner.java:632)
	at org.testng.SuiteRunner.runTest(SuiteRunner.java:366)
	at org.testng.SuiteRunner.runSequentially(SuiteRunner.java:361)
	at org.testng.SuiteRunner.privateRun(SuiteRunner.java:319)
	at org.testng.SuiteRunner.run(SuiteRunner.java:268)
	at org.testng.SuiteRunnerWorker.runSuite(SuiteRunnerWorker.java:52)
	at org.testng.SuiteRunnerWorker.run(SuiteRunnerWorker.java:86)
	at org.testng.TestNG.runSuitesSequentially(TestNG.java:1244)
	at org.testng.TestNG.runSuitesSequentially(TestNG.java:1240)
	at org.testng.TestNG.runSuitesLocally(TestNG.java:1169)
	at org.testng.TestNG.run(TestNG.java:1064)
	at org.testng.remote.AbstractRemoteTestNG.run(AbstractRemoteTestNG.java:132)
	at org.testng.remote.RemoteTestNG.initAndRun(RemoteTestNG.java:236)
	at org.testng.remote.RemoteTestNG.main(RemoteTestNG.java:81)
</pre></div></td>
<td>52</td>
<td>com.test.buildoffer.ExecuteBuildOffer3@ca263c2</td></tr>
</table><p>
<table width='100%' border='1' class='invocation-skipped'>
<tr><td colspan='4' align='center'><b>SKIPPED TESTS</b></td></tr>
<tr><td><b>Test method</b></td>
<td width="30%"><b>Exception</b></td>
<td width="10%"><b>Time (seconds)</b></td>
<td><b>Instance</b></td>
</tr>
<tr>
<td title='com.test.buildoffer.ExecuteBuildOffer3.getBuildOffer3Test()'><b>getBuildOffer3Test</b><br>Test class: com.test.buildoffer.ExecuteBuildOffer3<br>Parameters: {CountryWidePricing=No, Description=Valid data to Buildoffer3, Projected Number of Messages=20, Origin Country=Bangladesh, DestinationOperator=India Telecom, Total Monthly Cost=321.0, Projected Monthly Message Volume=12.0, CheckBox=Y, Customer Type=Enterprise, Runmode=N, DestinationCountry=India, Flat Rate Pricing=12.02, Customer Name=DBS, ExpectedResult=Build Offer page 4 should be displayed, DirectClassic=Classic, Region=Asia}</td>
<td><div><pre>org.testng.SkipException: Skipping the test as runmode is N
	at com.test.java.BaseTest.checkTestRunMode(BaseTest.java:924)
	at com.test.buildoffer.ExecuteBuildOffer3.getBuildOffer3Test(ExecuteBuildOffer3.java:56)
... Removed 25 stack frames</pre></div><a href='#' onClick='toggleBox("stack-trace61814127", this, "Click to show all stack frames", "Click to hide stack frames")'>Click to show all stack frames</a>
<div class='stack-trace' id='stack-trace61814127'><pre>org.testng.SkipException: Skipping the test as runmode is N
	at com.test.java.BaseTest.checkTestRunMode(BaseTest.java:924)
	at com.test.buildoffer.ExecuteBuildOffer3.getBuildOffer3Test(ExecuteBuildOffer3.java:56)
	at sun.reflect.NativeMethodAccessorImpl.invoke0(Native Method)
	at sun.reflect.NativeMethodAccessorImpl.invoke(NativeMethodAccessorImpl.java:62)
	at sun.reflect.DelegatingMethodAccessorImpl.invoke(DelegatingMethodAccessorImpl.java:43)
	at java.lang.reflect.Method.invoke(Method.java:498)
	at org.testng.internal.MethodInvocationHelper.invokeMethod(MethodInvocationHelper.java:86)
	at org.testng.internal.Invoker.invokeMethod(Invoker.java:643)
	at org.testng.internal.Invoker.invokeTestMethod(Invoker.java:820)
	at org.testng.internal.Invoker.invokeTestMethods(Invoker.java:1128)
	at org.testng.internal.TestMethodWorker.invokeTestMethods(TestMethodWorker.java:129)
	at org.testng.internal.TestMethodWorker.run(TestMethodWorker.java:112)
	at org.testng.TestRunner.privateRun(TestRunner.java:782)
	at org.testng.TestRunner.run(TestRunner.java:632)
	at org.testng.SuiteRunner.runTest(SuiteRunner.java:366)
	at org.testng.SuiteRunner.runSequentially(SuiteRunner.java:361)
	at org.testng.SuiteRunner.privateRun(SuiteRunner.java:319)
	at org.testng.SuiteRunner.run(SuiteRunner.java:268)
	at org.testng.SuiteRunnerWorker.runSuite(SuiteRunnerWorker.java:52)
	at org.testng.SuiteRunnerWorker.run(SuiteRunnerWorker.java:86)
	at org.testng.TestNG.runSuitesSequentially(TestNG.java:1244)
	at org.testng.TestNG.runSuitesSequentially(TestNG.java:1240)
	at org.testng.TestNG.runSuitesLocally(TestNG.java:1169)
	at org.testng.TestNG.run(TestNG.java:1064)
	at org.testng.remote.AbstractRemoteTestNG.run(AbstractRemoteTestNG.java:132)
	at org.testng.remote.RemoteTestNG.initAndRun(RemoteTestNG.java:236)
	at org.testng.remote.RemoteTestNG.main(RemoteTestNG.java:81)
</pre></div></td>
<td>0</td>
<td>com.test.buildoffer.ExecuteBuildOffer3@ca263c2</td></tr>
</table><p>
</body>
</html>